2020-01-15 23:49:54: Successfully! express app listening on port 3001...
2020-01-15 23:49:56: Successfully! express app listening on port 3001...
2020-01-15 23:49:58: Successfully! express app listening on port 3001...
2020-01-15 23:49:59: Successfully! express app listening on port 3001...
2020-01-15 23:50:00: Successfully! express app listening on port 3001...
2020-01-15 23:50:02: Successfully! express app listening on port 3001...
2020-01-15 23:50:02: Successfully! express app listening on port 3001...
2020-01-15 23:50:02: Successfully! express app listening on port 3001...
2020-01-15 23:50:24: Successfully! express app listening on port 3001...
2020-01-15 23:50:24: Successfully! express app listening on port 3001...
2020-01-15 23:50:24: Successfully! express app listening on port 3001...
2020-01-15 23:50:24: Successfully! express app listening on port 3001...
2020-01-15 23:50:53: Successfully! express app listening on port 3001...
2020-01-15 23:51:03: Successfully! express app listening on port 3001...
2020-01-15 23:51:07: Successfully! express app listening on port 3001...
2020-01-15 23:51:08: Successfully! express app listening on port 3001...
2020-01-15 23:51:09: Successfully! express app listening on port 3001...
2020-01-15 23:51:09: Successfully! express app listening on port 3001...
2020-01-15 23:51:09: Successfully! express app listening on port 3001...
2020-01-15 23:51:22: Successfully! express app listening on port 3001...
2020-01-15 23:51:22: Successfully! express app listening on port 3001...
2020-01-15 23:51:23: Successfully! express app listening on port 3001...
2020-01-15 23:51:23: Successfully! express app listening on port 3001...
2020-01-15 23:51:24: Successfully! express app listening on port 3001...
2020-01-15 23:52:54: Successfully! express app listening on port 3001...
2020-01-15 23:52:56: Successfully! express app listening on port 3001...
2020-01-15 23:52:57: Successfully! express app listening on port 3001...
2020-01-15 23:52:58: Successfully! express app listening on port 3001...
2020-01-15 23:52:59: Successfully! express app listening on port 3001...
2020-01-15 23:53:00: Successfully! express app listening on port 3001...
2020-01-15 23:53:00: Successfully! express app listening on port 3001...
2020-01-15 23:53:08: Successfully! express app listening on port 3001...
2020-01-15 23:53:08: Successfully! express app listening on port 3001...
2020-01-15 23:53:08: Successfully! express app listening on port 3001...
2020-01-15 23:53:08: Successfully! express app listening on port 3001...
2020-01-15 23:53:50: [0mGET /index.html [36m304 [0m13.090 ms - -[0m
2020-01-15 23:53:50: [0mGET /static/css/2.65d0fb34.chunk.css [36m304 [0m0.944 ms - -[0m
2020-01-15 23:53:50: [0mGET /static/css/main.45327bfd.chunk.css [36m304 [0m7.378 ms - -[0m
2020-01-15 23:53:50: [0mGET /static/js/main.0a8f5360.chunk.js [36m304 [0m1.114 ms - -[0m
2020-01-15 23:53:50: [0mGET /static/js/2.6648c4ce.chunk.js [36m304 [0m0.718 ms - -[0m
2020-01-15 23:53:51: [0mGET /static/media/carousel01.a07414fb.png [36m304 [0m0.514 ms - -[0m
2020-01-15 23:53:51: [0mGET /static/media/carousel02.b19cf631.png [36m304 [0m4.014 ms - -[0m
2020-01-15 23:53:51: [0mGET /static/media/carousel03.c21e91af.png [36m304 [0m0.538 ms - -[0m
2020-01-15 23:53:51: [0mGET /static/media/carousel04.6e37c599.png [36m304 [0m1.290 ms - -[0m
2020-01-15 23:53:51: [0mGET /static/js/main.0a8f5360.chunk.js.map [36m304 [0m0.563 ms - -[0m
2020-01-15 23:53:51: [0mGET /static/js/2.6648c4ce.chunk.js.map [36m304 [0m0.626 ms - -[0m
2020-01-15 23:53:51: [0mGET /static/media/bj.1eed8397.png [36m304 [0m1.007 ms - -[0m
2020-01-15 23:53:51: [0mGET /static/css/2.65d0fb34.chunk.css.map [36m304 [0m0.482 ms - -[0m
2020-01-15 23:53:51: [0mGET /static/css/main.45327bfd.chunk.css.map [36m304 [0m0.647 ms - -[0m
2020-01-15 23:53:51: [0mGET /favicon.ico [32m200 [0m4.579 ms - 22382[0m
2020-01-15 23:53:51: [0mGET /manifest.json [36m304 [0m0.771 ms - -[0m
2020-01-15 23:53:51: [0mGET /logo192.png [36m304 [0m0.447 ms - -[0m
2020-01-15 23:54:00: [0mGET /index.html [36m304 [0m0.951 ms - -[0m
2020-01-15 23:54:01: [0mGET /static/css/2.65d0fb34.chunk.css [36m304 [0m0.531 ms - -[0m
2020-01-15 23:54:01: [0mGET /static/js/2.6648c4ce.chunk.js [36m304 [0m4.584 ms - -[0m
2020-01-15 23:54:01: [0mGET /static/css/main.45327bfd.chunk.css [36m304 [0m7.540 ms - -[0m
2020-01-15 23:54:01: [0mGET /static/js/main.0a8f5360.chunk.js [36m304 [0m1.392 ms - -[0m
2020-01-15 23:54:01: [0mGET /static/media/carousel01.a07414fb.png [36m304 [0m0.484 ms - -[0m
2020-01-15 23:54:01: [0mGET /static/media/carousel02.b19cf631.png [36m304 [0m0.508 ms - -[0m
2020-01-15 23:54:01: [0mGET /static/media/carousel03.c21e91af.png [36m304 [0m0.495 ms - -[0m
2020-01-15 23:54:01: [0mGET /static/media/carousel04.6e37c599.png [36m304 [0m0.557 ms - -[0m
2020-01-15 23:54:01: [0mGET /static/js/main.0a8f5360.chunk.js.map [36m304 [0m0.566 ms - -[0m
2020-01-15 23:54:01: [0mGET /static/js/2.6648c4ce.chunk.js.map [36m304 [0m0.698 ms - -[0m
2020-01-15 23:54:01: [0mGET /static/media/bj.1eed8397.png [36m304 [0m0.555 ms - -[0m
2020-01-15 23:54:01: [0mGET /static/css/2.65d0fb34.chunk.css.map [36m304 [0m0.727 ms - -[0m
2020-01-15 23:54:01: [0mGET /static/css/main.45327bfd.chunk.css.map [36m304 [0m1.060 ms - -[0m
2020-01-15 23:54:01: [0mGET /manifest.json [36m304 [0m0.619 ms - -[0m
2020-01-15 23:54:01: [0mGET /favicon.ico [32m200 [0m2.019 ms - 22382[0m
2020-01-15 23:54:01: [0mGET /logo192.png [36m304 [0m0.450 ms - -[0m
2020-01-15 23:54:31: Successfully! express app listening on port 3001...
2020-01-15 23:54:31: Successfully! express app listening on port 3001...
2020-01-15 23:54:32: Successfully! express app listening on port 3001...
2020-01-15 23:54:32: Successfully! express app listening on port 3001...
2020-01-15 23:54:45: Successfully! express app listening on port 3001...
2020-01-15 23:54:46: Successfully! express app listening on port 3001...
2020-01-15 23:54:48: Successfully! express app listening on port 3001...
2020-01-15 23:54:52: Successfully! express app listening on port 3001...
2020-01-15 23:54:53: Successfully! express app listening on port 3001...
2020-01-15 23:54:53: Successfully! express app listening on port 3001...
2020-01-15 23:54:54: Successfully! express app listening on port 3001...
2020-01-15 23:55:06: Successfully! express app listening on port 3001...
2020-01-15 23:55:06: Successfully! express app listening on port 3001...
2020-01-15 23:55:08: Successfully! express app listening on port 3001...
2020-01-15 23:55:13: Successfully! express app listening on port 3001...
2020-01-15 23:55:13: Successfully! express app listening on port 3001...
2020-01-15 23:55:13: Successfully! express app listening on port 3001...
2020-01-15 23:55:13: Successfully! express app listening on port 3001...
2020-01-15 23:55:25: [0mGET /index.html [36m304 [0m9.610 ms - -[0m
2020-01-15 23:55:25: [0mGET /static/css/2.65d0fb34.chunk.css [36m304 [0m2.303 ms - -[0m
2020-01-15 23:55:25: [0mGET /static/css/main.45327bfd.chunk.css [36m304 [0m2.554 ms - -[0m
2020-01-15 23:55:25: [0mGET /static/js/2.6648c4ce.chunk.js [36m304 [0m1.817 ms - -[0m
2020-01-15 23:55:25: [0mGET /static/js/main.0a8f5360.chunk.js [36m304 [0m7.708 ms - -[0m
2020-01-15 23:55:25: [0mGET /static/media/carousel01.a07414fb.png [36m304 [0m0.917 ms - -[0m
2020-01-15 23:55:25: [0mGET /static/media/carousel02.b19cf631.png [36m304 [0m0.586 ms - -[0m
2020-01-15 23:55:25: [0mGET /static/media/carousel03.c21e91af.png [36m304 [0m0.666 ms - -[0m
2020-01-15 23:55:25: [0mGET /static/media/carousel04.6e37c599.png [36m304 [0m0.628 ms - -[0m
2020-01-15 23:55:25: [0mGET /static/js/2.6648c4ce.chunk.js.map [36m304 [0m0.621 ms - -[0m
2020-01-15 23:55:25: [0mGET /static/js/main.0a8f5360.chunk.js.map [36m304 [0m0.609 ms - -[0m
2020-01-15 23:55:25: [0mGET /static/media/bj.1eed8397.png [36m304 [0m1.818 ms - -[0m
2020-01-15 23:55:25: [0mGET /static/css/2.65d0fb34.chunk.css.map [36m304 [0m0.572 ms - -[0m
2020-01-15 23:55:25: [0mGET /static/css/main.45327bfd.chunk.css.map [36m304 [0m0.947 ms - -[0m
2020-01-15 23:55:26: [0mGET /favicon.ico [32m200 [0m3.545 ms - 22382[0m
2020-01-15 23:55:26: [0mGET /manifest.json [36m304 [0m0.652 ms - -[0m
2020-01-15 23:55:26: [0mGET /logo192.png [36m304 [0m0.693 ms - -[0m
2020-01-16 00:08:26: [0mGET /index.html [36m304 [0m0.707 ms - -[0m
2020-01-16 00:08:26: [0mGET /static/css/2.65d0fb34.chunk.css [36m304 [0m0.628 ms - -[0m
2020-01-16 00:08:26: [0mGET /static/js/main.0a8f5360.chunk.js [36m304 [0m0.500 ms - -[0m
2020-01-16 00:08:26: [0mGET /static/css/main.45327bfd.chunk.css [36m304 [0m4.057 ms - -[0m
2020-01-16 00:08:26: [0mGET /static/js/2.6648c4ce.chunk.js [36m304 [0m2.473 ms - -[0m
2020-01-16 00:08:26: [0mGET /static/media/carousel01.a07414fb.png [36m304 [0m0.645 ms - -[0m
2020-01-16 00:08:26: [0mGET /static/media/carousel02.b19cf631.png [36m304 [0m0.595 ms - -[0m
2020-01-16 00:08:26: [0mGET /static/media/carousel03.c21e91af.png [36m304 [0m2.600 ms - -[0m
2020-01-16 00:08:26: [0mGET /static/media/carousel04.6e37c599.png [36m304 [0m0.465 ms - -[0m
2020-01-16 00:08:26: [0mGET /static/js/2.6648c4ce.chunk.js.map [36m304 [0m1.400 ms - -[0m
2020-01-16 00:08:26: [0mGET /static/js/main.0a8f5360.chunk.js.map [36m304 [0m1.541 ms - -[0m
2020-01-16 00:08:26: [0mGET /static/media/bj.1eed8397.png [36m304 [0m0.650 ms - -[0m
2020-01-16 00:08:26: [0mGET /static/css/2.65d0fb34.chunk.css.map [36m304 [0m0.548 ms - -[0m
2020-01-16 00:08:26: [0mGET /static/css/main.45327bfd.chunk.css.map [36m304 [0m0.606 ms - -[0m
2020-01-16 00:08:26: [0mGET /manifest.json [36m304 [0m0.899 ms - -[0m
2020-01-16 00:08:26: [0mGET /favicon.ico [32m200 [0m1.473 ms - 22382[0m
2020-01-16 00:08:26: [0mGET /logo192.png [36m304 [0m0.526 ms - -[0m
2020-01-16 00:08:27: [0mGET /index.html [36m304 [0m0.816 ms - -[0m
2020-01-16 00:08:27: [0mGET /static/css/2.65d0fb34.chunk.css [36m304 [0m0.866 ms - -[0m
2020-01-16 00:08:27: [0mGET /static/js/2.6648c4ce.chunk.js [36m304 [0m0.980 ms - -[0m
2020-01-16 00:08:27: [0mGET /static/js/main.0a8f5360.chunk.js [36m304 [0m4.399 ms - -[0m
2020-01-16 00:08:27: [0mGET /static/css/main.45327bfd.chunk.css [36m304 [0m4.084 ms - -[0m
2020-01-16 00:08:27: [0mGET /index.html [36m304 [0m2.232 ms - -[0m
2020-01-16 00:08:27: [0mGET /static/css/main.45327bfd.chunk.css [32m200 [0m4.565 ms - 9854[0m
2020-01-16 00:08:27: [0mGET /static/css/2.65d0fb34.chunk.css [32m200 [0m2.065 ms - 523777[0m
2020-01-16 00:08:27: [0mGET /static/js/main.0a8f5360.chunk.js [32m200 [0m7.976 ms - 30586[0m
2020-01-16 00:08:27: [0mGET /static/js/2.6648c4ce.chunk.js [32m200 [0m5.449 ms - 1352117[0m
2020-01-16 00:08:27: [0mGET /static/css/2.65d0fb34.chunk.css.map [36m304 [0m1.173 ms - -[0m
2020-01-16 00:08:27: [0mGET /static/css/main.45327bfd.chunk.css.map [36m304 [0m1.566 ms - -[0m
2020-01-16 00:08:28: [0mGET /static/js/2.6648c4ce.chunk.js.map [36m304 [0m0.572 ms - -[0m
2020-01-16 00:08:28: [0mGET /static/media/carousel01.a07414fb.png [36m304 [0m0.578 ms - -[0m
2020-01-16 00:08:28: [0mGET /static/media/carousel02.b19cf631.png [36m304 [0m0.446 ms - -[0m
2020-01-16 00:08:28: [0mGET /static/media/carousel03.c21e91af.png [36m304 [0m1.005 ms - -[0m
2020-01-16 00:08:28: [0mGET /static/media/carousel04.6e37c599.png [36m304 [0m0.790 ms - -[0m
2020-01-16 00:08:28: [0mGET /static/media/bj.1eed8397.png [36m304 [0m0.527 ms - -[0m
2020-01-16 00:08:28: [0mGET /static/js/main.0a8f5360.chunk.js.map [36m304 [0m0.684 ms - -[0m
2020-01-16 00:08:28: [0mGET /index.html [36m304 [0m0.875 ms - -[0m
2020-01-16 00:08:28: [0mGET /static/css/2.65d0fb34.chunk.css [36m304 [0m1.089 ms - -[0m
2020-01-16 00:08:28: [0mGET /static/js/main.0a8f5360.chunk.js [36m304 [0m1.561 ms - -[0m
2020-01-16 00:08:28: [0mGET /static/css/main.45327bfd.chunk.css [36m304 [0m1.755 ms - -[0m
2020-01-16 00:08:28: [0mGET /static/js/2.6648c4ce.chunk.js [36m304 [0m1.486 ms - -[0m
2020-01-16 00:08:28: [0mGET /static/media/carousel01.a07414fb.png [36m304 [0m0.629 ms - -[0m
2020-01-16 00:08:28: [0mGET /static/media/carousel02.b19cf631.png [36m304 [0m0.518 ms - -[0m
2020-01-16 00:08:28: [0mGET /static/media/carousel03.c21e91af.png [36m304 [0m0.506 ms - -[0m
2020-01-16 00:08:28: [0mGET /static/media/carousel04.6e37c599.png [36m304 [0m0.535 ms - -[0m
2020-01-16 00:08:28: [0mGET /static/js/2.6648c4ce.chunk.js.map [36m304 [0m0.541 ms - -[0m
2020-01-16 00:08:28: [0mGET /static/js/main.0a8f5360.chunk.js.map [36m304 [0m0.626 ms - -[0m
2020-01-16 00:08:28: [0mGET /static/media/bj.1eed8397.png [36m304 [0m0.447 ms - -[0m
2020-01-16 00:08:29: [0mGET /static/css/2.65d0fb34.chunk.css.map [36m304 [0m0.822 ms - -[0m
2020-01-16 00:08:29: [0mGET /static/css/main.45327bfd.chunk.css.map [36m304 [0m0.637 ms - -[0m
2020-01-16 00:08:29: [0mGET /manifest.json [36m304 [0m0.437 ms - -[0m
2020-01-16 00:08:29: [0mGET /favicon.ico [32m200 [0m1.687 ms - 22382[0m
2020-01-16 00:08:29: [0mGET /logo192.png [36m304 [0m0.491 ms - -[0m
2020-01-16 00:09:05: Successfully! express app listening on port 3001...
2020-01-16 00:09:05: Successfully! express app listening on port 3001...
2020-01-16 00:09:25: Successfully! express app listening on port 3001...
2020-01-16 00:09:27: Successfully! express app listening on port 3001...
2020-01-16 00:09:29: Successfully! express app listening on port 3001...
2020-01-16 00:09:30: Successfully! express app listening on port 3001...
2020-01-16 00:09:30: Successfully! express app listening on port 3001...
2020-01-16 00:09:34: Successfully! express app listening on port 3001...
2020-01-16 00:09:34: Successfully! express app listening on port 3001...
2020-01-16 00:09:39: Successfully! express app listening on port 3001...
2020-01-16 00:09:39: Successfully! express app listening on port 3001...
2020-01-16 00:09:39: Successfully! express app listening on port 3001...
2020-01-16 00:09:39: Successfully! express app listening on port 3001...
2020-01-16 00:09:53: Successfully! express app listening on port 3001...
2020-01-16 00:09:54: Successfully! express app listening on port 3001...
2020-01-16 00:09:59: Successfully! express app listening on port 3001...
2020-01-16 00:09:59: Successfully! express app listening on port 3001...
2020-01-16 00:10:04: Successfully! express app listening on port 3001...
2020-01-16 00:10:04: Successfully! express app listening on port 3001...
2020-01-16 00:10:05: Successfully! express app listening on port 3001...
2020-01-16 00:10:05: Successfully! express app listening on port 3001...
2020-01-16 00:10:22: [0mGET /index.html [36m304 [0m6.579 ms - -[0m
2020-01-16 00:10:22: [0mGET /static/css/2.65d0fb34.chunk.css [36m304 [0m1.101 ms - -[0m
2020-01-16 00:10:22: [0mGET /static/js/2.6648c4ce.chunk.js [36m304 [0m0.809 ms - -[0m
2020-01-16 00:10:22: [0mGET /static/css/main.45327bfd.chunk.css [36m304 [0m6.890 ms - -[0m
2020-01-16 00:10:22: [0mGET /static/js/main.0a8f5360.chunk.js [36m304 [0m1.984 ms - -[0m
2020-01-16 00:10:23: [0mGET /static/media/carousel01.a07414fb.png [36m304 [0m1.061 ms - -[0m
2020-01-16 00:10:23: [0mGET /static/media/carousel02.b19cf631.png [36m304 [0m0.598 ms - -[0m
2020-01-16 00:10:23: [0mGET /static/media/carousel03.c21e91af.png [36m304 [0m0.696 ms - -[0m
2020-01-16 00:10:23: [0mGET /static/media/carousel04.6e37c599.png [36m304 [0m0.866 ms - -[0m
2020-01-16 00:10:23: [0mGET /static/js/2.6648c4ce.chunk.js.map [36m304 [0m0.619 ms - -[0m
2020-01-16 00:10:23: [0mGET /static/js/main.0a8f5360.chunk.js.map [36m304 [0m0.457 ms - -[0m
2020-01-16 00:10:23: [0mGET /static/media/bj.1eed8397.png [36m304 [0m0.490 ms - -[0m
2020-01-16 00:10:23: [0mGET /static/css/2.65d0fb34.chunk.css.map [36m304 [0m1.000 ms - -[0m
2020-01-16 00:10:23: [0mGET /static/css/main.45327bfd.chunk.css.map [36m304 [0m2.867 ms - -[0m
2020-01-16 00:10:23: [0mGET /favicon.ico [32m200 [0m4.928 ms - 22382[0m
2020-01-16 00:10:23: [0mGET /manifest.json [36m304 [0m4.787 ms - -[0m
2020-01-16 00:10:23: [0mGET /logo192.png [36m304 [0m0.570 ms - -[0m
2020-01-16 00:10:52: [0mGET /index.html [36m304 [0m0.979 ms - -[0m
2020-01-16 00:10:52: [0mGET /static/css/2.65d0fb34.chunk.css [36m304 [0m0.794 ms - -[0m
2020-01-16 00:10:52: [0mGET /static/css/main.45327bfd.chunk.css [36m304 [0m0.925 ms - -[0m
2020-01-16 00:10:52: [0mGET /static/js/main.0a8f5360.chunk.js [36m304 [0m2.998 ms - -[0m
2020-01-16 00:10:52: [0mGET /static/js/2.6648c4ce.chunk.js [36m304 [0m0.803 ms - -[0m
2020-01-16 00:10:52: [0mGET /static/media/carousel01.a07414fb.png [36m304 [0m0.497 ms - -[0m
2020-01-16 00:10:52: [0mGET /static/media/carousel02.b19cf631.png [36m304 [0m0.621 ms - -[0m
2020-01-16 00:10:52: [0mGET /static/media/carousel03.c21e91af.png [36m304 [0m0.664 ms - -[0m
2020-01-16 00:10:52: [0mGET /static/media/carousel04.6e37c599.png [36m304 [0m0.688 ms - -[0m
2020-01-16 00:10:52: [0mGET /static/js/2.6648c4ce.chunk.js.map [36m304 [0m0.884 ms - -[0m
2020-01-16 00:10:52: [0mGET /static/js/main.0a8f5360.chunk.js.map [36m304 [0m0.998 ms - -[0m
2020-01-16 00:10:53: [0mGET /static/media/bj.1eed8397.png [36m304 [0m0.515 ms - -[0m
2020-01-16 00:10:53: [0mGET /static/css/2.65d0fb34.chunk.css.map [36m304 [0m0.845 ms - -[0m
2020-01-16 00:10:53: [0mGET /static/css/main.45327bfd.chunk.css.map [36m304 [0m1.073 ms - -[0m
2020-01-16 00:10:53: [0mGET /favicon.ico [32m200 [0m0.795 ms - 22382[0m
2020-01-16 00:10:53: [0mGET /manifest.json [36m304 [0m1.198 ms - -[0m
2020-01-16 00:10:53: [0mGET /logo192.png [36m304 [0m0.447 ms - -[0m
2020-01-16 00:21:53: Successfully! express app listening on port 3001...
2020-01-16 00:21:53: Successfully! express app listening on port 3001...
2020-01-16 00:21:53: Successfully! express app listening on port 3001...
2020-01-16 00:21:53: Successfully! express app listening on port 3001...
2020-01-16 00:29:37: Successfully! express app listening on port 3001...
2020-01-16 00:29:37: Successfully! express app listening on port 3001...
2020-01-16 00:29:38: Successfully! express app listening on port 3001...
2020-01-16 00:29:42: Successfully! express app listening on port 3001...
2020-01-16 00:29:42: Successfully! express app listening on port 3001...
2020-01-16 00:29:44: Successfully! express app listening on port 3001...
2020-01-16 00:29:45: Successfully! express app listening on port 3001...
2020-01-16 00:29:47: Successfully! express app listening on port 3001...
2020-01-16 00:29:52: Successfully! express app listening on port 3001...
2020-01-16 00:29:52: Successfully! express app listening on port 3001...
2020-01-16 00:29:53: Successfully! express app listening on port 3001...
2020-01-16 00:29:54: Successfully! express app listening on port 3001...
2020-01-16 00:31:59: [0mGET /index.html [36m304 [0m8.431 ms - -[0m
2020-01-16 00:31:59: [0mGET /static/js/2.6648c4ce.chunk.js [36m304 [0m2.122 ms - -[0m
2020-01-16 00:31:59: [0mGET /static/css/2.65d0fb34.chunk.css [36m304 [0m1.934 ms - -[0m
2020-01-16 00:31:59: [0mGET /static/css/main.45327bfd.chunk.css [36m304 [0m1.727 ms - -[0m
2020-01-16 00:31:59: [0mGET /static/js/main.0a8f5360.chunk.js [36m304 [0m8.492 ms - -[0m
2020-01-16 00:32:00: [0mGET /static/media/bj.1eed8397.png [36m304 [0m0.711 ms - -[0m
2020-01-16 00:32:00: [0mGET /static/media/carousel01.a07414fb.png [36m304 [0m0.676 ms - -[0m
2020-01-16 00:32:00: [0mGET /static/media/carousel04.6e37c599.png [36m304 [0m1.086 ms - -[0m
2020-01-16 00:32:00: [0mGET /static/media/carousel03.c21e91af.png [36m304 [0m2.244 ms - -[0m
2020-01-16 00:32:00: [0mGET /static/media/carousel02.b19cf631.png [36m304 [0m0.562 ms - -[0m
2020-01-16 00:32:00: [0mGET /manifest.json [36m304 [0m0.564 ms - -[0m
2020-01-16 00:32:00: [0mGET /logo192.png [36m304 [0m0.540 ms - -[0m
2020-01-16 00:35:14: Successfully! express app listening on port 3001...
2020-01-16 00:35:14: Successfully! express app listening on port 3001...
2020-01-16 00:35:14: Successfully! express app listening on port 3001...
2020-01-16 00:35:14: Successfully! express app listening on port 3001...
2020-01-16 00:35:47: [0mGET /index.html [36m304 [0m334.592 ms - -[0m
2020-01-16 00:35:48: [0mGET /static/css/main.45327bfd.chunk.css [36m304 [0m116.775 ms - -[0m
2020-01-16 00:35:48: [0mGET /static/css/2.65d0fb34.chunk.css [36m304 [0m137.375 ms - -[0m
2020-01-16 00:35:48: [0mGET /static/js/main.0a8f5360.chunk.js [36m304 [0m137.822 ms - -[0m
2020-01-16 00:35:48: [0mGET /static/js/2.6648c4ce.chunk.js [36m304 [0m130.540 ms - -[0m
2020-01-16 00:35:48: [0mGET /static/media/bj.1eed8397.png [36m304 [0m60.402 ms - -[0m
2020-01-16 00:35:48: [0mGET /static/media/carousel01.a07414fb.png [36m304 [0m1.350 ms - -[0m
2020-01-16 00:35:48: [0mGET /static/media/carousel03.c21e91af.png [36m304 [0m0.667 ms - -[0m
2020-01-16 00:35:48: [0mGET /static/media/carousel02.b19cf631.png [36m304 [0m1.072 ms - -[0m
2020-01-16 00:35:48: [0mGET /static/media/carousel04.6e37c599.png [36m304 [0m2.405 ms - -[0m
2020-01-16 00:35:48: [0mGET /manifest.json [36m304 [0m25.996 ms - -[0m
2020-01-16 00:35:48: [0mGET /favicon.ico [32m200 [0m82.809 ms - 22382[0m
2020-01-16 00:35:48: [0mGET /logo192.png [36m304 [0m48.493 ms - -[0m
